info: This is another informational message. {"timestamp":"2024-03-15T02:08:05.939Z"}
error: This is another error message. {"timestamp":"2024-03-15T02:08:05.945Z"}
info: informational message. {"timestamp":"2024-03-15T02:08:37.733Z"}
error: error message. {"timestamp":"2024-03-15T02:08:37.740Z"}
info: informational message. {"timestamp":"2024-03-15T02:09:02.284Z"}
error: error message. {"timestamp":"2024-03-15T02:09:02.292Z"}
info: informational message. {"timestamp":"2024-03-15T02:10:52.289Z"}
error: error message. {"timestamp":"2024-03-15T02:10:52.295Z"}
info: informational message. {"timestamp":"2024-03-15T02:12:30.902Z"}
error: error message. {"timestamp":"2024-03-15T02:12:30.908Z"}
info: informational message. {"timestamp":"2024-03-15T02:13:27.519Z"}
error: error message. {"timestamp":"2024-03-15T02:13:27.527Z"}
2024-03-15T02:16:50.106Z info: 	informational message.
2024-03-15T02:16:50.112Z error: 	error message.
2024-03-15T02:17:15.603Z info: 	informational message.
2024-03-15T02:17:15.623Z error: 	error message.
2024-03-15T02:18:35.685Z info: 	informational message.
2024-03-15T02:18:35.693Z error: 	error message.
2024-03-15T02:19:20.031Z info: 	informational message.
2024-03-15T02:19:20.036Z error: 	error message.
